<?xml version="1.0" encoding="UTF-8"?>
<testsuite xmlns:xsi="http://www.w3.org/2001/XMLSchema-instance" xsi:noNamespaceSchemaLocation="https://maven.apache.org/surefire/maven-surefire-plugin/xsd/surefire-test-report-3.0.xsd" version="3.0" name="com.toolbox.toolbox.ToolboxApplicationTests" time="5.898" tests="1" errors="0" skipped="0" failures="0">
  <properties>
[...]
</properties>
  <testcase name="contextLoads" classname="com.toolbox.toolbox.ToolboxApplicationTests" time="1.295">
    <system-out><![CDATA[09:43:06.899 [main] INFO org.springframework.test.context.support.AnnotationConfigContextLoaderUtils -- Could not detect default configuration classes for test class [com.toolbox.toolbox.ToolboxApplicationTests]: ToolboxApplicationTests does not declare any static, non-private, non-final, nested classes annotated with @Configuration.
09:43:07.069 [main] INFO org.springframework.boot.test.context.SpringBootTestContextBootstrapper -- Found @SpringBootConfiguration com.toolbox.toolbox.ToolboxApplication for test class com.toolbox.toolbox.ToolboxApplicationTests

  .   ____          _            __ _ _
 /\\ / ___'_ __ _ _(_)_ __  __ _ \ \ \ \
( ( )\___ | '_ | '_| | '_ \/ _` | \ \ \ \
 \\/  ___)| |_)| | | | | || (_| |  ) ) ) )
  '  |____| .__|_| |_|_| |_\__, | / / / /
 =========|_|==============|___/=/_/_/_/

 :: Spring Boot ::                (v3.3.3)

2024-09-19T09:43:07.768-05:00  INFO 212324 --- [toolbox] [           main] c.t.toolbox.ToolboxApplicationTests      : Starting ToolboxApplicationTests using Java 20.0.1 with PID 212324 (started by Victor in D:\GitHub\toolbox)
2024-09-19T09:43:07.770-05:00  INFO 212324 --- [toolbox] [           main] c.t.toolbox.ToolboxApplicationTests      : The following 1 profile is active: "dev"
2024-09-19T09:43:08.772-05:00  INFO 212324 --- [toolbox] [           main] .s.d.r.c.RepositoryConfigurationDelegate : Bootstrapping Spring Data MongoDB repositories in DEFAULT mode.
2024-09-19T09:43:08.862-05:00  INFO 212324 --- [toolbox] [           main] .s.d.r.c.RepositoryConfigurationDelegate : Finished Spring Data repository scanning in 82 ms. Found 1 MongoDB repository interface.
2024-09-19T09:43:09.732-05:00  INFO 212324 --- [toolbox] [           main] org.mongodb.driver.client                : MongoClient with metadata {"application": {"name": "toolboxCluster"}, "driver": {"name": "mongo-java-driver|sync|spring-boot", "version": "5.0.1"}, "os": {"type": "Windows", "name": "Windows 11", "architecture": "amd64", "version": "10.0"}, "platform": "Java/Oracle Corporation/20.0.1+9-29"} created with settings MongoClientSettings{readPreference=primary, writeConcern=WriteConcern{w=majority, wTimeout=null ms, journal=null}, retryWrites=true, retryReads=true, readConcern=ReadConcern{level=null}, credential=MongoCredential{mechanism=null, userName='test', source='admin', password=<hidden>, mechanismProperties=<hidden>}, transportSettings=null, commandListeners=[], codecRegistry=ProvidersCodecRegistry{codecProviders=[ValueCodecProvider{}, BsonValueCodecProvider{}, DBRefCodecProvider{}, DBObjectCodecProvider{}, DocumentCodecProvider{}, CollectionCodecProvider{}, IterableCodecProvider{}, MapCodecProvider{}, GeoJsonCodecProvider{}, GridFSFileCodecProvider{}, Jsr310CodecProvider{}, JsonObjectCodecProvider{}, BsonCodecProvider{}, EnumCodecProvider{}, com.mongodb.client.model.mql.ExpressionCodecProvider@7bcecef6, com.mongodb.Jep395RecordCodecProvider@46046c06, com.mongodb.KotlinCodecProvider@93824eb]}, loggerSettings=LoggerSettings{maxDocumentLength=1000}, clusterSettings={hosts=[127.0.0.1:27017], srvHost=toolboxcluster.th17m.mongodb.net, srvServiceName=mongodb, mode=MULTIPLE, requiredClusterType=REPLICA_SET, requiredReplicaSetName='atlas-nl51js-shard-0', serverSelector='null', clusterListeners='[]', serverSelectionTimeout='30000 ms', localThreshold='15 ms'}, socketSettings=SocketSettings{connectTimeoutMS=10000, readTimeoutMS=0, receiveBufferSize=0, proxySettings=ProxySettings{host=null, port=null, username=null, password=null}}, heartbeatSocketSettings=SocketSettings{connectTimeoutMS=10000, readTimeoutMS=10000, receiveBufferSize=0, proxySettings=ProxySettings{host=null, port=null, username=null, password=null}}, connectionPoolSettings=ConnectionPoolSettings{maxSize=100, minSize=0, maxWaitTimeMS=120000, maxConnectionLifeTimeMS=0, maxConnectionIdleTimeMS=0, maintenanceInitialDelayMS=0, maintenanceFrequencyMS=60000, connectionPoolListeners=[], maxConnecting=2}, serverSettings=ServerSettings{heartbeatFrequencyMS=10000, minHeartbeatFrequencyMS=500, serverListeners='[]', serverMonitorListeners='[]'}, sslSettings=SslSettings{enabled=true, invalidHostNameAllowed=false, context=null}, applicationName='toolboxCluster', compressorList=[], uuidRepresentation=JAVA_LEGACY, serverApi=null, autoEncryptionSettings=null, dnsClient=null, inetAddressResolver=null, contextProvider=null}
2024-09-19T09:43:09.816-05:00  INFO 212324 --- [toolbox] [17m.mongodb.net] org.mongodb.driver.cluster               : Adding discovered server toolboxcluster-shard-00-00.th17m.mongodb.net:27017 to client view of cluster
2024-09-19T09:43:09.853-05:00  INFO 212324 --- [toolbox] [17m.mongodb.net] org.mongodb.driver.cluster               : Adding discovered server toolboxcluster-shard-00-01.th17m.mongodb.net:27017 to client view of cluster
2024-09-19T09:43:09.859-05:00  INFO 212324 --- [toolbox] [17m.mongodb.net] org.mongodb.driver.cluster               : Adding discovered server toolboxcluster-shard-00-02.th17m.mongodb.net:27017 to client view of cluster
2024-09-19T09:43:11.180-05:00  INFO 212324 --- [toolbox] [           main] c.t.toolbox.ToolboxApplicationTests      : Started ToolboxApplicationTests in 3.802 seconds (process running for 5.597)
2024-09-19T09:43:11.466-05:00  INFO 212324 --- [toolbox] [ngodb.net:27017] org.mongodb.driver.cluster               : Monitor thread successfully connected to server with description ServerDescription{address=toolboxcluster-shard-00-01.th17m.mongodb.net:27017, type=REPLICA_SET_SECONDARY, state=CONNECTED, ok=true, minWireVersion=0, maxWireVersion=21, maxDocumentSize=16777216, logicalSessionTimeoutMinutes=30, roundTripTimeNanos=1138234300, setName='atlas-nl51js-shard-0', canonicalAddress=toolboxcluster-shard-00-01.th17m.mongodb.net:27017, hosts=[toolboxcluster-shard-00-00.th17m.mongodb.net:27017, toolboxcluster-shard-00-01.th17m.mongodb.net:27017, toolboxcluster-shard-00-02.th17m.mongodb.net:27017], passives=[], arbiters=[], primary='toolboxcluster-shard-00-02.th17m.mongodb.net:27017', tagSet=TagSet{[Tag{name='availabilityZone', value='use1-az6'}, Tag{name='diskState', value='READY'}, Tag{name='nodeType', value='ELECTABLE'}, Tag{name='provider', value='AWS'}, Tag{name='region', value='US_EAST_1'}, Tag{name='workloadType', value='OPERATIONAL'}]}, electionId=null, setVersion=111, topologyVersion=TopologyVersion{processId=66ea331862eff0903fb8dc91, counter=5}, lastWriteDate=Thu Sep 19 09:43:11 COT 2024, lastUpdateTimeNanos=400084203243300}
2024-09-19T09:43:11.466-05:00  INFO 212324 --- [toolbox] [ngodb.net:27017] org.mongodb.driver.cluster               : Monitor thread successfully connected to server with description ServerDescription{address=toolboxcluster-shard-00-02.th17m.mongodb.net:27017, type=REPLICA_SET_PRIMARY, state=CONNECTED, ok=true, minWireVersion=0, maxWireVersion=21, maxDocumentSize=16777216, logicalSessionTimeoutMinutes=30, roundTripTimeNanos=1073283500, setName='atlas-nl51js-shard-0', canonicalAddress=toolboxcluster-shard-00-02.th17m.mongodb.net:27017, hosts=[toolboxcluster-shard-00-00.th17m.mongodb.net:27017, toolboxcluster-shard-00-01.th17m.mongodb.net:27017, toolboxcluster-shard-00-02.th17m.mongodb.net:27017], passives=[], arbiters=[], primary='toolboxcluster-shard-00-02.th17m.mongodb.net:27017', tagSet=TagSet{[Tag{name='availabilityZone', value='use1-az1'}, Tag{name='diskState', value='READY'}, Tag{name='nodeType', value='ELECTABLE'}, Tag{name='provider', value='AWS'}, Tag{name='region', value='US_EAST_1'}, Tag{name='workloadType', value='OPERATIONAL'}]}, electionId=7fffffff000000000000024e, setVersion=111, topologyVersion=TopologyVersion{processId=66ea30c34c399e3a5bd07846, counter=9}, lastWriteDate=Thu Sep 19 09:43:11 COT 2024, lastUpdateTimeNanos=400084203349800}
2024-09-19T09:43:11.470-05:00  INFO 212324 --- [toolbox] [ngodb.net:27017] org.mongodb.driver.cluster               : Discovered replica set primary toolboxcluster-shard-00-02.th17m.mongodb.net:27017 with max election id 7fffffff000000000000024e and max set version 111
2024-09-19T09:43:12.193-05:00  INFO 212324 --- [toolbox] [ngodb.net:27017] org.mongodb.driver.cluster               : Monitor thread successfully connected to server with description ServerDescription{address=toolboxcluster-shard-00-00.th17m.mongodb.net:27017, type=REPLICA_SET_SECONDARY, state=CONNECTED, ok=true, minWireVersion=0, maxWireVersion=21, maxDocumentSize=16777216, logicalSessionTimeoutMinutes=30, roundTripTimeNanos=1799379000, setName='atlas-nl51js-shard-0', canonicalAddress=toolboxcluster-shard-00-00.th17m.mongodb.net:27017, hosts=[toolboxcluster-shard-00-00.th17m.mongodb.net:27017, toolboxcluster-shard-00-01.th17m.mongodb.net:27017, toolboxcluster-shard-00-02.th17m.mongodb.net:27017], passives=[], arbiters=[], primary='toolboxcluster-shard-00-02.th17m.mongodb.net:27017', tagSet=TagSet{[Tag{name='availabilityZone', value='use1-az4'}, Tag{name='diskState', value='READY'}, Tag{name='nodeType', value='ELECTABLE'}, Tag{name='provider', value='AWS'}, Tag{name='region', value='US_EAST_1'}, Tag{name='workloadType', value='OPERATIONAL'}]}, electionId=null, setVersion=111, topologyVersion=TopologyVersion{processId=66ea31f50689a30a81cfae06, counter=5}, lastWriteDate=Thu Sep 19 09:43:11 COT 2024, lastUpdateTimeNanos=400084933314900}
]]></system-out>
  </testcase>
</testsuite>